# JRE version: OpenJDK Runtime Environment Corretto-21.0.6.7.1 (21.0.6+7) (build 21.0.6+7-LTS)
# Java VM: OpenJDK 64-Bit Server VM Corretto-21.0.6.7.1 (21.0.6+7-LTS, mixed mode, emulated-client, sharing, tiered, compressed oops, compressed class ptrs, g1 gc, windows-amd64)
GC Precious Log:
 CardTable entry size: 512
 Card Set container configuration: InlinePtr #cards 5 size 8 Array Of Cards #cards 12 size 40 Howl #buckets 4 coarsen threshold 1843 Howl Bitmap #cards 512 size 80 coarsen threshold 460 Card regions per heap region 1 cards per card region 2048
 CPUs: 8 total, 8 available
 Memory: 7914M
 Large Page Support: Disabled
 NUMA Support: Disabled
 Compressed Oops: Enabled (32-bit)
 Heap Region Size: 1M
 Heap Min Capacity: 8M
 Heap Initial Capacity: 124M
 Heap Max Capacity: 1980M
 Pre-touch: Disabled
 Parallel Workers: 8
 Concurrent Workers: 2
 Concurrent Refinement Workers: 8
 Periodic GC: Disabled
Heap:
 garbage-first heap   total 61440K, used 38243K [0x0000000084400000, 0x0000000100000000)
  region size 1024K, 4 young (4096K), 3 survivors (3072K)
 Metaspace       used 92957K, committed 94080K, reserved 1179648K
  class space    used 13188K, committed 13632K, reserved 1048576K
GC Heap History (20 events):
Event: 17.609 GC heap before
{Heap before GC invocations=13 (full 0):
 garbage-first heap   total 58368K, used 38934K [0x0000000084400000, 0x0000000100000000)
  region size 1024K, 16 young (16384K), 3 survivors (3072K)
 Metaspace       used 60061K, committed 60736K, reserved 1114112K
  class space    used 8194K, committed 8512K, reserved 1048576K
}
Event: 17.612 GC heap after
{Heap after GC invocations=14 (full 0):
 garbage-first heap   total 58368K, used 27145K [0x0000000084400000, 0x0000000100000000)
  region size 1024K, 2 young (2048K), 2 survivors (2048K)
 Metaspace       used 60061K, committed 60736K, reserved 1114112K
  class space    used 8194K, committed 8512K, reserved 1048576K
}
Event: 18.083 GC heap before
{Heap before GC invocations=15 (full 0):
 garbage-first heap   total 58368K, used 50697K [0x0000000084400000, 0x0000000100000000)
  region size 1024K, 26 young (26624K), 2 survivors (2048K)
 Metaspace       used 66204K, committed 66880K, reserved 1114112K
  class space    used 9274K, committed 9600K, reserved 1048576K
}
Event: 18.086 GC heap after
{Heap after GC invocations=16 (full 0):
 garbage-first heap   total 58368K, used 28017K [0x0000000084400000, 0x0000000100000000)
  region size 1024K, 3 young (3072K), 3 survivors (3072K)
 Metaspace       used 66204K, committed 66880K, reserved 1114112K
  class space    used 9274K, committed 9600K, reserved 1048576K
}
Event: 19.136 GC heap before
{Heap before GC invocations=16 (full 0):
 garbage-first heap   total 58368K, used 49521K [0x0000000084400000, 0x0000000100000000)
  region size 1024K, 25 young (25600K), 3 survivors (3072K)
 Metaspace       used 70969K, committed 71744K, reserved 1114112K
  class space    used 9964K, committed 10304K, reserved 1048576K
}
Event: 19.141 GC heap after
{Heap after GC invocations=17 (full 0):
 garbage-first heap   total 58368K, used 29415K [0x0000000084400000, 0x0000000100000000)
  region size 1024K, 4 young (4096K), 4 survivors (4096K)
 Metaspace       used 70969K, committed 71744K, reserved 1114112K
  class space    used 9964K, committed 10304K, reserved 1048576K
}
Event: 19.496 GC heap before
{Heap before GC invocations=17 (full 0):
 garbage-first heap   total 58368K, used 47847K [0x0000000084400000, 0x0000000100000000)
  region size 1024K, 23 young (23552K), 4 survivors (4096K)
 Metaspace       used 74148K, committed 74944K, reserved 1114112K
  class space    used 10387K, committed 10752K, reserved 1048576K
}
Event: 19.501 GC heap after
{Heap after GC invocations=18 (full 0):
 garbage-first heap   total 58368K, used 31350K [0x0000000084400000, 0x0000000100000000)
  region size 1024K, 2 young (2048K), 2 survivors (2048K)
 Metaspace       used 74148K, committed 74944K, reserved 1114112K
  class space    used 10387K, committed 10752K, reserved 1048576K
}
Event: 19.864 GC heap before
{Heap before GC invocations=19 (full 0):
 garbage-first heap   total 58368K, used 51830K [0x0000000084400000, 0x0000000100000000)
  region size 1024K, 22 young (22528K), 2 survivors (2048K)
 Metaspace       used 76390K, committed 77184K, reserved 1179648K
  class space    used 10767K, committed 11136K, reserved 1048576K
}
Event: 19.867 GC heap after
{Heap after GC invocations=20 (full 0):
 garbage-first heap   total 58368K, used 32951K [0x0000000084400000, 0x0000000100000000)
  region size 1024K, 2 young (2048K), 2 survivors (2048K)
 Metaspace       used 76390K, committed 77184K, reserved 1179648K
  class space    used 10767K, committed 11136K, reserved 1048576K
}
Event: 36.600 GC heap before
{Heap before GC invocations=20 (full 0):
 garbage-first heap   total 58368K, used 50359K [0x0000000084400000, 0x0000000100000000)
  region size 1024K, 20 young (20480K), 2 survivors (2048K)
 Metaspace       used 79442K, committed 80320K, reserved 1179648K
  class space    used 11198K, committed 11584K, reserved 1048576K
}
Event: 36.604 GC heap after
{Heap after GC invocations=21 (full 0):
 garbage-first heap   total 58368K, used 34455K [0x0000000084400000, 0x0000000100000000)
  region size 1024K, 3 young (3072K), 3 survivors (3072K)
 Metaspace       used 79442K, committed 80320K, reserved 1179648K
  class space    used 11198K, committed 11584K, reserved 1048576K
}
Event: 36.904 GC heap before
{Heap before GC invocations=21 (full 0):
 garbage-first heap   total 58368K, used 49815K [0x0000000084400000, 0x0000000100000000)
  region size 1024K, 19 young (19456K), 3 survivors (3072K)
 Metaspace       used 83671K, committed 84544K, reserved 1179648K
  class space    used 11817K, committed 12224K, reserved 1048576K
}
Event: 36.908 GC heap after
{Heap after GC invocations=22 (full 0):
 garbage-first heap   total 58368K, used 36279K [0x0000000084400000, 0x0000000100000000)
  region size 1024K, 2 young (2048K), 2 survivors (2048K)
 Metaspace       used 83671K, committed 84544K, reserved 1179648K
  class space    used 11817K, committed 12224K, reserved 1048576K
}
Event: 37.116 GC heap before
{Heap before GC invocations=23 (full 0):
 garbage-first heap   total 61440K, used 51639K [0x0000000084400000, 0x0000000100000000)
  region size 1024K, 18 young (18432K), 2 survivors (2048K)
 Metaspace       used 86738K, committed 87552K, reserved 1179648K
  class space    used 12468K, committed 12864K, reserved 1048576K
}
Event: 37.119 GC heap after
{Heap after GC invocations=24 (full 0):
 garbage-first heap   total 61440K, used 37210K [0x0000000084400000, 0x0000000100000000)
  region size 1024K, 3 young (3072K), 3 survivors (3072K)
 Metaspace       used 86738K, committed 87552K, reserved 1179648K
  class space    used 12468K, committed 12864K, reserved 1048576K
}
Event: 49.077 GC heap before
{Heap before GC invocations=24 (full 0):
 garbage-first heap   total 61440K, used 53594K [0x0000000084400000, 0x0000000100000000)
  region size 1024K, 20 young (20480K), 3 survivors (3072K)
 Metaspace       used 91008K, committed 91840K, reserved 1179648K
  class space    used 12972K, committed 13312K, reserved 1048576K
}
Event: 49.081 GC heap after
{Heap after GC invocations=25 (full 0):
 garbage-first heap   total 61440K, used 37393K [0x0000000084400000, 0x0000000100000000)
  region size 1024K, 3 young (3072K), 3 survivors (3072K)
 Metaspace       used 91008K, committed 91840K, reserved 1179648K
  class space    used 12972K, committed 13312K, reserved 1048576K
}
Event: 64.924 GC heap before
{Heap before GC invocations=25 (full 0):
 garbage-first heap   total 61440K, used 53777K [0x0000000084400000, 0x0000000100000000)
  region size 1024K, 20 young (20480K), 3 survivors (3072K)
 Metaspace       used 93236K, committed 94080K, reserved 1179648K
  class space    used 13258K, committed 13632K, reserved 1048576K
}
Event: 64.927 GC heap after
{Heap after GC invocations=26 (full 0):
 garbage-first heap   total 61440K, used 38243K [0x0000000084400000, 0x0000000100000000)
  region size 1024K, 3 young (3072K), 3 survivors (3072K)
 Metaspace       used 93236K, committed 94080K, reserved 1179648K
  class space    used 13258K, committed 13632K, reserved 1048576K
}

